<?xml version="1.0" encoding="UTF-8"?>
<testng-results ignored="0" total="1" passed="1" failed="0" skipped="0">
  <reporter-output>
  </reporter-output>
  <suite started-at="2024-11-08T20:58:19 IST" name="Suite" finished-at="2024-11-08T20:58:41 IST" duration-ms="22019">
    <groups>
    </groups>
    <test started-at="2024-11-08T20:58:19 IST" name="Test" finished-at="2024-11-08T20:58:41 IST" duration-ms="22019">
      <class name="testCases.TestCase5">
        <test-method is-config="true" signature="setUp(java.lang.String,java.lang.String)[pri:0, instance:testCases.TestCase5@24fb6a80]" started-at="2024-11-08T20:58:19 IST" name="setUp" finished-at="2024-11-08T20:58:32 IST" duration-ms="12509" status="PASS">
          <params>
            <param index="0">
              <value>
                <![CDATA[Windows]]>
              </value>
            </param>
            <param index="1">
              <value>
                <![CDATA[chrome]]>
              </value>
            </param>
          </params>
          <reporter-output>
          </reporter-output>
        </test-method> <!-- setUp -->
        <test-method signature="registerUserWithExistingEmail()[pri:0, instance:testCases.TestCase5@24fb6a80]" started-at="2024-11-08T20:58:32 IST" name="registerUserWithExistingEmail" finished-at="2024-11-08T20:58:39 IST" duration-ms="7088" status="PASS">
          <reporter-output>
          </reporter-output>
        </test-method> <!-- registerUserWithExistingEmail -->
        <test-method is-config="true" signature="tearDown()[pri:0, instance:testCases.TestCase5@24fb6a80]" started-at="2024-11-08T20:58:39 IST" name="tearDown" finished-at="2024-11-08T20:58:41 IST" duration-ms="1192" status="PASS">
          <reporter-output>
          </reporter-output>
        </test-method> <!-- tearDown -->
      </class> <!-- testCases.TestCase5 -->
    </test> <!-- Test -->
  </suite> <!-- Suite -->
</testng-results>
